#
# There is insufficient memory for the Java Runtime Environment to continue.
# Native memory allocation (malloc) failed to allocate 1198896 bytes for Chunk::new
# Possible reasons:
#   The system is out of physical RAM or swap space
#   The process is running with CompressedOops enabled, and the Java Heap may be blocking the growth of the native heap
# Possible solutions:
#   Reduce memory load on the system
#   Increase physical memory or swap space
#   Check if swap backing store is full
#   Decrease Java heap size (-Xmx/-Xms)
#   Decrease number of Java threads
#   Decrease Java thread stack sizes (-Xss)
#   Set larger code cache with -XX:ReservedCodeCacheSize=
#   JVM is running with Zero Based Compressed Oops mode in which the Java heap is
#     placed in the first 32GB address space. The Java Heap base address is the
#     maximum limit for the native heap growth. Please use -XX:HeapBaseMinAddress
#     to set the Java Heap base and to place the Java Heap above 32GB virtual address.
# This output file may be truncated or incomplete.
#
#  Out of Memory Error (arena.cpp:189), pid=26192, tid=15304
#
# JRE version: Java(TM) SE Runtime Environment (17.0.11+7) (build 17.0.11+7-LTS-207)
# Java VM: Java HotSpot(TM) 64-Bit Server VM (17.0.11+7-LTS-207, mixed mode, sharing, tiered, compressed oops, compressed class ptrs, g1 gc, windows-amd64)
# No core dump will be written. Minidumps are not enabled by default on client versions of Windows
#

---------------  S U M M A R Y ------------

Command Line: -Dclassworlds.conf=C:\Program Files\Maven\apache-maven-3.9.9\bin\m2.conf -Dmaven.home=C:\Program Files\Maven\apache-maven-3.9.9 -Dlibrary.jansi.path=C:\Program Files\Maven\apache-maven-3.9.9\lib\jansi-native -Dmaven.multiModuleProjectDirectory=C:\Users\alvin\Documents\DVEA\SpringBoot org.codehaus.plexus.classworlds.launcher.Launcher spring-boot:run

Host: Intel(R) Core(TM) i7-8650U CPU @ 1.90GHz, 8 cores, 15G,  Windows 11 , 64 bit Build 22621 (10.0.22621.3958)
Time: Fri Sep 13 12:10:08 2024 E. Africa Standard Time elapsed time: 17.946432 seconds (0d 0h 0m 17s)

---------------  T H R E A D  ---------------

Current thread (0x00000276c61e87b0):  JavaThread "C2 CompilerThread1" daemon [_thread_in_native, id=15304, stack(0x0000008674c00000,0x0000008674d00000)]


Current CompileTask:
C2:  17946 8875       4       org.apache.maven.model.inheritance.DefaultInheritanceAssembler$InheritanceModelMerger::mergePluginContainer_Plugins (433 bytes)

Stack: [0x0000008674c00000,0x0000008674d00000]
Native frames: (J=compiled Java code, j=interpreted, Vv=VM code, C=native code)
V  [jvm.dll+0x679cca]
V  [jvm.dll+0x7da13d]
V  [jvm.dll+0x7dba83]
V  [jvm.dll+0x7dc0f3]
V  [jvm.dll+0x2449af]
V  [jvm.dll+0xab83b]
V  [jvm.dll+0xabe1c]
V  [jvm.dll+0x2a9e6f]
V  [jvm.dll+0x5818d9]
V  [jvm.dll+0x21ed62]
V  [jvm.dll+0x21f13f]
V  [jvm.dll+0x218331]
V  [jvm.dll+0x215505]
V  [jvm.dll+0x1a2040]
V  [jvm.dll+0x225a2b]
V  [jvm.dll+0x223bcb]
V  [jvm.dll+0x7903ec]
V  [jvm.dll+0x78a85a]
V  [jvm.dll+0x678bb5]
C  [ucrtbase.dll+0x29333]
C  [KERNEL32.DLL+0x1257d]
C  [ntdll.dll+0x5af28]


---------------  P R O C E S S  ---------------

Threads class SMR info:
_java_thread_list=0x00000276c74185e0, length=15, elements={
0x00000276d6a3bf80, 0x00000276fb8dc690, 0x00000276fb8dd510, 0x00000276fb8f29d0,
0x00000276fb8f54a0, 0x00000276fb8f5e60, 0x00000276fb8f6820, 0x00000276fb8f8930,
0x00000276fb8fd380, 0x00000276fb8fdd80, 0x00000276c52493e0, 0x00000276c5251180,
0x00000276c637f060, 0x00000276c61e87b0, 0x00000276c8669c20
}

Java Threads: ( => current thread )
  0x00000276d6a3bf80 JavaThread "main" [_thread_in_native, id=24504, stack(0x0000008673800000,0x0000008673900000)]
  0x00000276fb8dc690 JavaThread "Reference Handler" daemon [_thread_blocked, id=26076, stack(0x0000008673f00000,0x0000008674000000)]
  0x00000276fb8dd510 JavaThread "Finalizer" daemon [_thread_blocked, id=25108, stack(0x0000008674000000,0x0000008674100000)]
  0x00000276fb8f29d0 JavaThread "Signal Dispatcher" daemon [_thread_blocked, id=26488, stack(0x0000008674100000,0x0000008674200000)]
  0x00000276fb8f54a0 JavaThread "Attach Listener" daemon [_thread_blocked, id=26500, stack(0x0000008674200000,0x0000008674300000)]
  0x00000276fb8f5e60 JavaThread "Service Thread" daemon [_thread_blocked, id=25236, stack(0x0000008674300000,0x0000008674400000)]
  0x00000276fb8f6820 JavaThread "Monitor Deflation Thread" daemon [_thread_blocked, id=17480, stack(0x0000008674400000,0x0000008674500000)]
  0x00000276fb8f8930 JavaThread "C2 CompilerThread0" daemon [_thread_in_native, id=2988, stack(0x0000008674500000,0x0000008674600000)]
  0x00000276fb8fd380 JavaThread "C1 CompilerThread0" daemon [_thread_blocked, id=24296, stack(0x0000008674600000,0x0000008674700000)]
  0x00000276fb8fdd80 JavaThread "Sweeper thread" daemon [_thread_blocked, id=24936, stack(0x0000008674700000,0x0000008674800000)]
  0x00000276c52493e0 JavaThread "Notification Thread" daemon [_thread_blocked, id=8508, stack(0x0000008674800000,0x0000008674900000)]
  0x00000276c5251180 JavaThread "Common-Cleaner" daemon [_thread_blocked, id=25360, stack(0x0000008674a00000,0x0000008674b00000)]
  0x00000276c637f060 JavaThread "Thread-1" daemon [_thread_blocked, id=24380, stack(0x0000008675400000,0x0000008675500000)]
=>0x00000276c61e87b0 JavaThread "C2 CompilerThread1" daemon [_thread_in_native, id=15304, stack(0x0000008674c00000,0x0000008674d00000)]
  0x00000276c8669c20 JavaThread "C2 CompilerThread2" daemon [_thread_in_native, id=13092, stack(0x0000008675300000,0x0000008675400000)]

Other Threads:
  0x00000276fb8d7a80 VMThread "VM Thread" [stack: 0x0000008673e00000,0x0000008673f00000] [id=26104]
  0x00000276c524c910 WatcherThread [stack: 0x0000008674900000,0x0000008674a00000] [id=22224]
  0x00000276d8c460a0 GCTaskThread "GC Thread#0" [stack: 0x0000008673900000,0x0000008673a00000] [id=20820]
  0x00000276c5324d20 GCTaskThread "GC Thread#1" [stack: 0x0000008674d00000,0x0000008674e00000] [id=20556]
  0x00000276c5b9c3b0 GCTaskThread "GC Thread#2" [stack: 0x0000008674e00000,0x0000008674f00000] [id=19388]
  0x00000276c5b9c670 GCTaskThread "GC Thread#3" [stack: 0x0000008674f00000,0x0000008675000000] [id=25388]
  0x00000276c5b49980 GCTaskThread "GC Thread#4" [stack: 0x0000008675000000,0x0000008675100000] [id=18712]
  0x00000276c5b49c40 GCTaskThread "GC Thread#5" [stack: 0x0000008675100000,0x0000008675200000] [id=24312]
  0x00000276c5c9f540 GCTaskThread "GC Thread#6" [stack: 0x0000008675200000,0x0000008675300000] [id=18184]
  0x00000276c5cd0ff0 GCTaskThread "GC Thread#7" [stack: 0x0000008674b00000,0x0000008674c00000] [id=20524]
  0x00000276d8c57d90 ConcurrentGCThread "G1 Main Marker" [stack: 0x0000008673a00000,0x0000008673b00000] [id=21252]
  0x00000276d8c597b0 ConcurrentGCThread "G1 Conc#0" [stack: 0x0000008673b00000,0x0000008673c00000] [id=20320]
  0x00000276c70e6700 ConcurrentGCThread "G1 Conc#1" [stack: 0x0000008675500000,0x0000008675600000] [id=25296]
  0x00000276d8c9e7e0 ConcurrentGCThread "G1 Refine#0" [stack: 0x0000008673c00000,0x0000008673d00000] [id=16568]
  0x00000276c8c5ae60 ConcurrentGCThread "G1 Refine#1" [stack: 0x0000008675600000,0x0000008675700000] [id=18468]
  0x00000276c8c59cc0 ConcurrentGCThread "G1 Refine#2" [stack: 0x0000008675700000,0x0000008675800000] [id=22812]
  0x00000276c8c59fb0 ConcurrentGCThread "G1 Refine#3" [stack: 0x0000008675800000,0x0000008675900000] [id=20388]
  0x00000276fb794350 ConcurrentGCThread "G1 Service" [stack: 0x0000008673d00000,0x0000008673e00000] [id=25912]

Threads with active compile tasks:
C2 CompilerThread0    18021 8952       4       org.codehaus.plexus.util.xml.XmlReader::read (11 bytes)
C2 CompilerThread1    18021 8875       4       org.apache.maven.model.inheritance.DefaultInheritanceAssembler$InheritanceModelMerger::mergePluginContainer_Plugins (433 bytes)
C2 CompilerThread2    18021 9014       4       org.springframework.asm.ClassReader::readUtf (161 bytes)

VM state: not at safepoint (normal execution)

VM Mutex/Monitor currently owned by a thread: None

Heap address: 0x0000000702600000, size: 4058 MB, Compressed Oops mode: Zero based, Oop shift amount: 3

CDS archive(s) mapped at: [0x0000027680000000-0x0000027680bd0000-0x0000027680bd0000), size 12386304, SharedBaseAddress: 0x0000027680000000, ArchiveRelocationMode: 1.
Compressed class space mapped at: 0x0000027681000000-0x00000276c1000000, reserved size: 1073741824
Narrow klass base: 0x0000027680000000, Narrow klass shift: 0, Narrow klass range: 0x100000000

GC Precious Log:
 CPUs: 8 total, 8 available
 Memory: 16227M
 Large Page Support: Disabled
 NUMA Support: Disabled
 Compressed Oops: Enabled (Zero based)
 Heap Region Size: 2M
 Heap Min Capacity: 8M
 Heap Initial Capacity: 254M
 Heap Max Capacity: 4058M
 Pre-touch: Disabled
 Parallel Workers: 8
 Concurrent Workers: 2
 Concurrent Refinement Workers: 8
 Periodic GC: Disabled

Heap:
 garbage-first heap   total 180224K, used 106454K [0x0000000702600000, 0x0000000800000000)
  region size 2048K, 14 young (28672K), 1 survivors (2048K)
 Metaspace       used 33827K, committed 34304K, reserved 1114112K
  class space    used 3808K, committed 4032K, reserved 1048576K

Heap Regions: E=young(eden), S=young(survivor), O=old, HS=humongous(starts), HC=humongous(continues), CS=collection set, F=free, OA=open archive, CA=closed archive, TAMS=top-at-mark-start (previous, next)
|   0|0x0000000702600000, 0x0000000702800000, 0x0000000702800000|100%| O|  |TAMS 0x0000000702800000, 0x0000000702600000| Untracked 
|   1|0x0000000702800000, 0x0000000702a00000, 0x0000000702a00000|100%| O|  |TAMS 0x0000000702a00000, 0x0000000702800000| Untracked 
|   2|0x0000000702a00000, 0x0000000702c00000, 0x0000000702c00000|100%| O|  |TAMS 0x0000000702c00000, 0x0000000702a00000| Untracked 
|   3|0x0000000702c00000, 0x0000000702e00000, 0x0000000702e00000|100%| O|  |TAMS 0x0000000702e00000, 0x0000000702c00000| Untracked 
|   4|0x0000000702e00000, 0x0000000703000000, 0x0000000703000000|100%| O|  |TAMS 0x0000000703000000, 0x0000000702e00000| Untracked 
|   5|0x0000000703000000, 0x0000000703200000, 0x0000000703200000|100%| O|  |TAMS 0x0000000703200000, 0x0000000703000000| Untracked 
|   6|0x0000000703200000, 0x0000000703400000, 0x0000000703400000|100%| O|  |TAMS 0x0000000703400000, 0x0000000703200000| Untracked 
|   7|0x0000000703400000, 0x0000000703600000, 0x0000000703600000|100%| O|  |TAMS 0x0000000703600000, 0x0000000703400000| Untracked 
|   8|0x0000000703600000, 0x0000000703800000, 0x0000000703800000|100%| O|  |TAMS 0x0000000703600000, 0x0000000703600000| Untracked 
|   9|0x0000000703800000, 0x0000000703a00000, 0x0000000703a00000|100%| O|  |TAMS 0x0000000703a00000, 0x0000000703800000| Untracked 
|  10|0x0000000703a00000, 0x0000000703c00000, 0x0000000703c00000|100%| O|  |TAMS 0x0000000703c00000, 0x0000000703a00000| Untracked 
|  11|0x0000000703c00000, 0x0000000703e00000, 0x0000000703e00000|100%| O|  |TAMS 0x0000000703e00000, 0x0000000703c00000| Untracked 
|  12|0x0000000703e00000, 0x0000000704000000, 0x0000000704000000|100%| O|  |TAMS 0x0000000704000000, 0x0000000703e00000| Untracked 
|  13|0x0000000704000000, 0x0000000704200000, 0x0000000704200000|100%| O|  |TAMS 0x0000000704200000, 0x0000000704000000| Untracked 
|  14|0x0000000704200000, 0x0000000704400000, 0x0000000704400000|100%|HS|  |TAMS 0x0000000704200000, 0x0000000704200000| Complete 
|  15|0x0000000704400000, 0x0000000704600000, 0x0000000704600000|100%| O|  |TAMS 0x0000000704600000, 0x0000000704400000| Untracked 
|  16|0x0000000704600000, 0x0000000704800000, 0x0000000704800000|100%| O|  |TAMS 0x0000000704800000, 0x0000000704600000| Untracked 
|  17|0x0000000704800000, 0x0000000704a00000, 0x0000000704a00000|100%| O|  |TAMS 0x0000000704800000, 0x0000000704800000| Untracked 
|  18|0x0000000704a00000, 0x0000000704c00000, 0x0000000704c00000|100%| O|  |TAMS 0x0000000704a00000, 0x0000000704a00000| Untracked 
|  19|0x0000000704c00000, 0x0000000704e00000, 0x0000000704e00000|100%| O|  |TAMS 0x0000000704c00000, 0x0000000704c00000| Untracked 
|  20|0x0000000704e00000, 0x0000000705000000, 0x0000000705000000|100%| O|  |TAMS 0x0000000704e00000, 0x0000000704e00000| Untracked 
|  21|0x0000000705000000, 0x0000000705200000, 0x0000000705200000|100%| O|  |TAMS 0x0000000705200000, 0x0000000705000000| Untracked 
|  22|0x0000000705200000, 0x0000000705400000, 0x0000000705400000|100%| O|  |TAMS 0x0000000705400000, 0x0000000705200000| Untracked 
|  23|0x0000000705400000, 0x0000000705600000, 0x0000000705600000|100%| O|  |TAMS 0x0000000705537600, 0x0000000705400000| Untracked 
|  24|0x0000000705600000, 0x0000000705800000, 0x0000000705800000|100%|HS|  |TAMS 0x0000000705600000, 0x0000000705600000| Complete 
|  25|0x0000000705800000, 0x0000000705a00000, 0x0000000705a00000|100%| O|  |TAMS 0x0000000705800000, 0x0000000705800000| Untracked 
|  26|0x0000000705a00000, 0x0000000705c00000, 0x0000000705c00000|100%| O|  |TAMS 0x0000000705a00000, 0x0000000705a00000| Untracked 
|  27|0x0000000705c00000, 0x0000000705e00000, 0x0000000705e00000|100%| O|  |TAMS 0x0000000705c00000, 0x0000000705c00000| Untracked 
|  28|0x0000000705e00000, 0x0000000706000000, 0x0000000706000000|100%| O|  |TAMS 0x0000000705e00000, 0x0000000705e00000| Untracked 
|  29|0x0000000706000000, 0x0000000706200000, 0x0000000706200000|100%| O|  |TAMS 0x0000000706000000, 0x0000000706000000| Untracked 
|  30|0x0000000706200000, 0x0000000706400000, 0x0000000706400000|100%| O|  |TAMS 0x0000000706200000, 0x0000000706200000| Untracked 
|  31|0x0000000706400000, 0x0000000706600000, 0x0000000706600000|100%| O|  |TAMS 0x0000000706400000, 0x0000000706400000| Untracked 
|  32|0x0000000706600000, 0x0000000706800000, 0x0000000706800000|100%| O|  |TAMS 0x0000000706600000, 0x0000000706600000| Untracked 
|  33|0x0000000706800000, 0x0000000706a00000, 0x0000000706a00000|100%| O|  |TAMS 0x0000000706800000, 0x0000000706800000| Untracked 
|  34|0x0000000706a00000, 0x0000000706c00000, 0x0000000706c00000|100%| O|  |TAMS 0x0000000706a00000, 0x0000000706a00000| Untracked 
|  35|0x0000000706c00000, 0x0000000706e00000, 0x0000000706e00000|100%|HS|  |TAMS 0x0000000706e00000, 0x0000000706c00000| Complete 
|  36|0x0000000706e00000, 0x0000000707000000, 0x0000000707000000|100%| O|  |TAMS 0x0000000706e00000, 0x0000000706e00000| Untracked 
|  37|0x0000000707000000, 0x0000000707200000, 0x0000000707200000|100%| O|  |TAMS 0x0000000707000000, 0x0000000707000000| Untracked 
|  38|0x0000000707200000, 0x0000000707400000, 0x0000000707400000|100%| O|  |TAMS 0x0000000707200000, 0x0000000707200000| Untracked 
|  39|0x0000000707400000, 0x0000000707600000, 0x0000000707600000|100%| O|  |TAMS 0x0000000707400000, 0x0000000707400000| Untracked 
|  40|0x0000000707600000, 0x0000000707600000, 0x0000000707800000|  0%| F|  |TAMS 0x0000000707600000, 0x0000000707600000| Untracked 
|  41|0x0000000707800000, 0x0000000707800000, 0x0000000707a00000|  0%| F|  |TAMS 0x0000000707800000, 0x0000000707800000| Untracked 
|  42|0x0000000707a00000, 0x0000000707a00000, 0x0000000707c00000|  0%| F|  |TAMS 0x0000000707a00000, 0x0000000707a00000| Untracked 
|  43|0x0000000707c00000, 0x0000000707c00000, 0x0000000707e00000|  0%| F|  |TAMS 0x0000000707c00000, 0x0000000707c00000| Untracked 
|  44|0x0000000707e00000, 0x0000000707e00000, 0x0000000708000000|  0%| F|  |TAMS 0x0000000707e00000, 0x0000000707e00000| Untracked 
|  45|0x0000000708000000, 0x0000000708000000, 0x0000000708200000|  0%| F|  |TAMS 0x0000000708000000, 0x0000000708000000| Untracked 
|  46|0x0000000708200000, 0x0000000708200000, 0x0000000708400000|  0%| F|  |TAMS 0x0000000708200000, 0x0000000708200000| Untracked 
|  47|0x0000000708400000, 0x0000000708400000, 0x0000000708600000|  0%| F|  |TAMS 0x0000000708400000, 0x0000000708400000| Untracked 
|  48|0x0000000708600000, 0x0000000708600000, 0x0000000708800000|  0%| F|  |TAMS 0x0000000708600000, 0x0000000708600000| Untracked 
|  49|0x0000000708800000, 0x0000000708800000, 0x0000000708a00000|  0%| F|  |TAMS 0x0000000708800000, 0x0000000708800000| Untracked 
|  50|0x0000000708a00000, 0x0000000708a00000, 0x0000000708c00000|  0%| F|  |TAMS 0x0000000708a00000, 0x0000000708a00000| Untracked 
|  51|0x0000000708c00000, 0x0000000708c00000, 0x0000000708e00000|  0%| F|  |TAMS 0x0000000708c00000, 0x0000000708c00000| Untracked 
|  52|0x0000000708e00000, 0x0000000708e00000, 0x0000000709000000|  0%| F|  |TAMS 0x0000000708e00000, 0x0000000708e00000| Untracked 
|  53|0x0000000709000000, 0x0000000709000000, 0x0000000709200000|  0%| F|  |TAMS 0x0000000709000000, 0x0000000709000000| Untracked 
|  54|0x0000000709200000, 0x0000000709200000, 0x0000000709400000|  0%| F|  |TAMS 0x0000000709200000, 0x0000000709200000| Untracked 
|  55|0x0000000709400000, 0x0000000709400000, 0x0000000709600000|  0%| F|  |TAMS 0x0000000709400000, 0x0000000709400000| Untracked 
|  56|0x0000000709600000, 0x0000000709600000, 0x0000000709800000|  0%| F|  |TAMS 0x0000000709600000, 0x0000000709600000| Untracked 
|  57|0x0000000709800000, 0x0000000709800000, 0x0000000709a00000|  0%| F|  |TAMS 0x0000000709800000, 0x0000000709800000| Untracked 
|  58|0x0000000709a00000, 0x0000000709a00000, 0x0000000709c00000|  0%| F|  |TAMS 0x0000000709a00000, 0x0000000709a00000| Untracked 
|  59|0x0000000709c00000, 0x0000000709c00000, 0x0000000709e00000|  0%| F|  |TAMS 0x0000000709c00000, 0x0000000709c00000| Untracked 
|  60|0x0000000709e00000, 0x0000000709e00000, 0x000000070a000000|  0%| F|  |TAMS 0x0000000709e00000, 0x0000000709e00000| Untracked 
|  61|0x000000070a000000, 0x000000070a000000, 0x000000070a200000|  0%| F|  |TAMS 0x000000070a000000, 0x000000070a000000| Untracked 
|  62|0x000000070a200000, 0x000000070a200000, 0x000000070a400000|  0%| F|  |TAMS 0x000000070a200000, 0x000000070a200000| Untracked 
|  63|0x000000070a400000, 0x000000070a400000, 0x000000070a600000|  0%| F|  |TAMS 0x000000070a400000, 0x000000070a400000| Untracked 
|  64|0x000000070a600000, 0x000000070a600000, 0x000000070a800000|  0%| F|  |TAMS 0x000000070a600000, 0x000000070a600000| Untracked 
|  65|0x000000070a800000, 0x000000070a800000, 0x000000070aa00000|  0%| F|  |TAMS 0x000000070a800000, 0x000000070a800000| Untracked 
|  66|0x000000070aa00000, 0x000000070abf58d0, 0x000000070ac00000| 97%| S|CS|TAMS 0x000000070aa00000, 0x000000070aa00000| Complete 
|  67|0x000000070ac00000, 0x000000070ac00000, 0x000000070ae00000|  0%| F|  |TAMS 0x000000070ac00000, 0x000000070ac00000| Untracked 
|  68|0x000000070ae00000, 0x000000070ae00000, 0x000000070b000000|  0%| F|  |TAMS 0x000000070ae00000, 0x000000070ae00000| Untracked 
|  69|0x000000070b000000, 0x000000070b000000, 0x000000070b200000|  0%| F|  |TAMS 0x000000070b000000, 0x000000070b000000| Untracked 
|  70|0x000000070b200000, 0x000000070b200000, 0x000000070b400000|  0%| F|  |TAMS 0x000000070b200000, 0x000000070b200000| Untracked 
|  71|0x000000070b400000, 0x000000070b400000, 0x000000070b600000|  0%| F|  |TAMS 0x000000070b400000, 0x000000070b400000| Untracked 
|  72|0x000000070b600000, 0x000000070b600000, 0x000000070b800000|  0%| F|  |TAMS 0x000000070b600000, 0x000000070b600000| Untracked 
|  73|0x000000070b800000, 0x000000070b800000, 0x000000070ba00000|  0%| F|  |TAMS 0x000000070b800000, 0x000000070b800000| Untracked 
|  74|0x000000070ba00000, 0x000000070ba00000, 0x000000070bc00000|  0%| F|  |TAMS 0x000000070ba00000, 0x000000070ba00000| Untracked 
|  75|0x000000070bc00000, 0x000000070bcf6108, 0x000000070be00000| 48%| E|  |TAMS 0x000000070bc00000, 0x000000070bc00000| Complete 
|  76|0x000000070be00000, 0x000000070c000000, 0x000000070c000000|100%| E|CS|TAMS 0x000000070be00000, 0x000000070be00000| Complete 
|  77|0x000000070c000000, 0x000000070c200000, 0x000000070c200000|100%| E|CS|TAMS 0x000000070c000000, 0x000000070c000000| Complete 
|  78|0x000000070c200000, 0x000000070c400000, 0x000000070c400000|100%| E|CS|TAMS 0x000000070c200000, 0x000000070c200000| Complete 
|  79|0x000000070c400000, 0x000000070c600000, 0x000000070c600000|100%| E|CS|TAMS 0x000000070c400000, 0x000000070c400000| Complete 
|  80|0x000000070c600000, 0x000000070c800000, 0x000000070c800000|100%| E|CS|TAMS 0x000000070c600000, 0x000000070c600000| Complete 
|  81|0x000000070c800000, 0x000000070ca00000, 0x000000070ca00000|100%| E|CS|TAMS 0x000000070c800000, 0x000000070c800000| Complete 
|  82|0x000000070ca00000, 0x000000070cc00000, 0x000000070cc00000|100%| E|CS|TAMS 0x000000070ca00000, 0x000000070ca00000| Complete 
|  83|0x000000070cc00000, 0x000000070ce00000, 0x000000070ce00000|100%| E|CS|TAMS 0x000000070cc00000, 0x000000070cc00000| Complete 
|  84|0x000000070ce00000, 0x000000070d000000, 0x000000070d000000|100%| E|CS|TAMS 0x000000070ce00000, 0x000000070ce00000| Complete 
| 122|0x0000000711a00000, 0x0000000711c00000, 0x0000000711c00000|100%| E|  |TAMS 0x0000000711a00000, 0x0000000711a00000| Complete 
| 123|0x0000000711c00000, 0x0000000711e00000, 0x0000000711e00000|100%| E|CS|TAMS 0x0000000711c00000, 0x0000000711c00000| Complete 
| 126|0x0000000712200000, 0x0000000712400000, 0x0000000712400000|100%| E|CS|TAMS 0x0000000712200000, 0x0000000712200000| Complete 

Card table byte_map: [0x00000276effc0000,0x00000276f07b0000] _byte_map_base: 0x00000276ec7ad000

Marking Bits (Prev, Next): (CMBitMap*) 0x00000276d8c466c0, (CMBitMap*) 0x00000276d8c46700
 Prev Bits: [0x00000276f0fa0000, 0x00000276f4f08000)
 Next Bits: [0x00000276f4f10000, 0x00000276f8e78000)

Polling page: 0x00000276d6b20000

Metaspace:

Usage:
  Non-class:     29.32 MB used.
      Class:      3.72 MB used.
       Both:     33.03 MB used.

Virtual space:
  Non-class space:       64.00 MB reserved,      29.56 MB ( 46%) committed,  1 nodes.
      Class space:        1.00 GB reserved,       3.94 MB ( <1%) committed,  1 nodes.
             Both:        1.06 GB reserved,      33.50 MB (  3%) committed. 

Chunk freelists:
   Non-Class:  2.16 MB
       Class:  12.10 MB
        Both:  14.26 MB

MaxMetaspaceSize: unlimited
CompressedClassSpaceSize: 1.00 GB
Initial GC threshold: 21.00 MB
Current GC threshold: 42.75 MB
CDS: on
MetaspaceReclaimPolicy: balanced
 - commit_granule_bytes: 65536.
 - commit_granule_words: 8192.
 - virtual_space_node_default_size: 8388608.
 - enlarge_chunks_in_place: 1.
 - new_chunks_are_fully_committed: 0.
 - uncommit_free_chunks: 1.
 - use_allocation_guard: 0.
 - handle_deallocations: 1.


Internal statistics:

num_allocs_failed_limit: 3.
num_arena_births: 302.
num_arena_deaths: 0.
num_vsnodes_births: 2.
num_vsnodes_deaths: 0.
num_space_committed: 536.
num_space_uncommitted: 0.
num_chunks_returned_to_freelist: 3.
num_chunks_taken_from_freelist: 1579.
num_chunk_merges: 3.
num_chunk_splits: 1089.
num_chunks_enlarged: 820.
num_inconsistent_stats: 0.

CodeHeap 'non-profiled nmethods': size=120000Kb used=5119Kb max_used=5119Kb free=114880Kb
 bounds [0x00000276e7f60000, 0x00000276e8460000, 0x00000276ef490000]
CodeHeap 'profiled nmethods': size=120000Kb used=18208Kb max_used=18208Kb free=101791Kb
 bounds [0x00000276e0490000, 0x00000276e1660000, 0x00000276e79c0000]
CodeHeap 'non-nmethods': size=5760Kb used=1223Kb max_used=1381Kb free=4536Kb
 bounds [0x00000276e79c0000, 0x00000276e7c30000, 0x00000276e7f60000]
 total_blobs=8723 nmethods=8195 adapters=440
 compilation: enabled
              stopped_count=0, restarted_count=0
 full_count=0

Compilation events (20 events):
Event: 17.866 Thread 0x00000276fb8fd380 9027       3       java.lang.ProcessEnvironment$CheckedEntry::getKey (5 bytes)
Event: 17.867 Thread 0x00000276fb8fd380 nmethod 9027 0x00000276e1648f90 code [0x00000276e1649140, 0x00000276e1649488]
Event: 17.867 Thread 0x00000276fb8fd380 9028       3       java.lang.ProcessEnvironment$CheckedEntry::getKey (13 bytes)
Event: 17.867 Thread 0x00000276fb8fd380 nmethod 9028 0x00000276e1649590 code [0x00000276e1649740, 0x00000276e1649a08]
Event: 17.867 Thread 0x00000276fb8fd380 9026       3       java.lang.ProcessEnvironment$CheckedEntry::getValue (5 bytes)
Event: 17.867 Thread 0x00000276fb8fd380 nmethod 9026 0x00000276e1649b10 code [0x00000276e1649cc0, 0x00000276e164a008]
Event: 17.867 Thread 0x00000276fb8fd380 9029       3       java.lang.ProcessEnvironment$CheckedEntry::getValue (13 bytes)
Event: 17.867 Thread 0x00000276fb8fd380 nmethod 9029 0x00000276e164a110 code [0x00000276e164a2c0, 0x00000276e164a588]
Event: 17.868 Thread 0x00000276fb8fd380 9030       3       java.lang.ProcessEnvironment$NameComparator::compare (90 bytes)
Event: 17.870 Thread 0x00000276fb8fd380 nmethod 9030 0x00000276e164a690 code [0x00000276e164a9a0, 0x00000276e164bc98]
Event: 17.870 Thread 0x00000276fb8fd380 9031       3       java.lang.ProcessEnvironment$EntryComparator::compare (13 bytes)
Event: 17.871 Thread 0x00000276fb8fd380 nmethod 9031 0x00000276e164c590 code [0x00000276e164c780, 0x00000276e164cee8]
Event: 17.871 Thread 0x00000276fb8fd380 9032       3       java.lang.ProcessEnvironment$EntryComparator::compare (25 bytes)
Event: 17.871 Thread 0x00000276fb8fd380 nmethod 9032 0x00000276e164d090 code [0x00000276e164d260, 0x00000276e164d748]
Event: 17.880 Thread 0x00000276fb8fd380 9035       3       jdk.internal.org.objectweb.asm.Frame::execute (2305 bytes)
Event: 17.891 Thread 0x00000276fb8fd380 nmethod 9035 0x00000276e164d890 code [0x00000276e164e7c0, 0x00000276e1655378]
Event: 17.891 Thread 0x00000276fb8fd380 9036       3       jdk.internal.org.objectweb.asm.Frame::setInputFrameFromDescriptor (175 bytes)
Event: 17.892 Thread 0x00000276fb8fd380 nmethod 9036 0x00000276e1656f90 code [0x00000276e16571a0, 0x00000276e16579b8]
Event: 17.892 Thread 0x00000276fb8fd380 9037       3       jdk.internal.misc.Unsafe::shouldBeInitialized (18 bytes)
Event: 17.892 Thread 0x00000276fb8fd380 nmethod 9037 0x00000276e1657d90 code [0x00000276e1657f40, 0x00000276e1658178]

GC Heap History (20 events):
Event: 8.864 GC heap before
{Heap before GC invocations=5 (full 0):
 garbage-first heap   total 90112K, used 61506K [0x0000000702600000, 0x0000000800000000)
  region size 2048K, 22 young (45056K), 2 survivors (4096K)
 Metaspace       used 25342K, committed 25664K, reserved 1114112K
  class space    used 2946K, committed 3136K, reserved 1048576K
}
Event: 8.882 GC heap after
{Heap after GC invocations=6 (full 0):
 garbage-first heap   total 90112K, used 39338K [0x0000000702600000, 0x0000000800000000)
  region size 2048K, 4 young (8192K), 4 survivors (8192K)
 Metaspace       used 25342K, committed 25664K, reserved 1114112K
  class space    used 2946K, committed 3136K, reserved 1048576K
}
Event: 8.907 GC heap before
{Heap before GC invocations=6 (full 0):
 garbage-first heap   total 90112K, used 39338K [0x0000000702600000, 0x0000000800000000)
  region size 2048K, 5 young (10240K), 4 survivors (8192K)
 Metaspace       used 25346K, committed 25664K, reserved 1114112K
  class space    used 2946K, committed 3136K, reserved 1048576K
}
Event: 8.919 GC heap after
{Heap after GC invocations=7 (full 0):
 garbage-first heap   total 90112K, used 41496K [0x0000000702600000, 0x0000000800000000)
  region size 2048K, 1 young (2048K), 1 survivors (2048K)
 Metaspace       used 25346K, committed 25664K, reserved 1114112K
  class space    used 2946K, committed 3136K, reserved 1048576K
}
Event: 9.415 GC heap before
{Heap before GC invocations=7 (full 0):
 garbage-first heap   total 90112K, used 57880K [0x0000000702600000, 0x0000000800000000)
  region size 2048K, 9 young (18432K), 1 survivors (2048K)
 Metaspace       used 25968K, committed 26240K, reserved 1114112K
  class space    used 3017K, committed 3136K, reserved 1048576K
}
Event: 9.428 GC heap after
{Heap after GC invocations=8 (full 0):
 garbage-first heap   total 90112K, used 45056K [0x0000000702600000, 0x0000000800000000)
  region size 2048K, 2 young (4096K), 2 survivors (4096K)
 Metaspace       used 25968K, committed 26240K, reserved 1114112K
  class space    used 3017K, committed 3136K, reserved 1048576K
}
Event: 9.695 GC heap before
{Heap before GC invocations=9 (full 0):
 garbage-first heap   total 90112K, used 59392K [0x0000000702600000, 0x0000000800000000)
  region size 2048K, 10 young (20480K), 2 survivors (4096K)
 Metaspace       used 26149K, committed 26432K, reserved 1114112K
  class space    used 3023K, committed 3136K, reserved 1048576K
}
Event: 9.714 GC heap after
{Heap after GC invocations=10 (full 0):
 garbage-first heap   total 90112K, used 48519K [0x0000000702600000, 0x0000000800000000)
  region size 2048K, 2 young (4096K), 2 survivors (4096K)
 Metaspace       used 26149K, committed 26432K, reserved 1114112K
  class space    used 3023K, committed 3136K, reserved 1048576K
}
Event: 9.739 GC heap before
{Heap before GC invocations=10 (full 0):
 garbage-first heap   total 90112K, used 50567K [0x0000000702600000, 0x0000000800000000)
  region size 2048K, 3 young (6144K), 2 survivors (4096K)
 Metaspace       used 26177K, committed 26496K, reserved 1114112K
  class space    used 3023K, committed 3136K, reserved 1048576K
}
Event: 9.751 GC heap after
{Heap after GC invocations=11 (full 0):
 garbage-first heap   total 180224K, used 48240K [0x0000000702600000, 0x0000000800000000)
  region size 2048K, 1 young (2048K), 1 survivors (2048K)
 Metaspace       used 26177K, committed 26496K, reserved 1114112K
  class space    used 3023K, committed 3136K, reserved 1048576K
}
Event: 11.721 GC heap before
{Heap before GC invocations=11 (full 0):
 garbage-first heap   total 180224K, used 107632K [0x0000000702600000, 0x0000000800000000)
  region size 2048K, 30 young (61440K), 1 survivors (2048K)
 Metaspace       used 28659K, committed 28928K, reserved 1114112K
  class space    used 3281K, committed 3392K, reserved 1048576K
}
Event: 11.732 GC heap after
{Heap after GC invocations=12 (full 0):
 garbage-first heap   total 180224K, used 51196K [0x0000000702600000, 0x0000000800000000)
  region size 2048K, 2 young (4096K), 2 survivors (4096K)
 Metaspace       used 28659K, committed 28928K, reserved 1114112K
  class space    used 3281K, committed 3392K, reserved 1048576K
}
Event: 12.892 GC heap before
{Heap before GC invocations=12 (full 0):
 garbage-first heap   total 180224K, used 114684K [0x0000000702600000, 0x0000000800000000)
  region size 2048K, 33 young (67584K), 2 survivors (4096K)
 Metaspace       used 29157K, committed 29504K, reserved 1114112K
  class space    used 3300K, committed 3456K, reserved 1048576K
}
Event: 12.903 GC heap after
{Heap after GC invocations=13 (full 0):
 garbage-first heap   total 180224K, used 52067K [0x0000000702600000, 0x0000000800000000)
  region size 2048K, 3 young (6144K), 3 survivors (6144K)
 Metaspace       used 29157K, committed 29504K, reserved 1114112K
  class space    used 3300K, committed 3456K, reserved 1048576K
}
Event: 15.146 GC heap before
{Heap before GC invocations=13 (full 0):
 garbage-first heap   total 180224K, used 123747K [0x0000000702600000, 0x0000000800000000)
  region size 2048K, 36 young (73728K), 3 survivors (6144K)
 Metaspace       used 31231K, committed 31616K, reserved 1114112K
  class space    used 3532K, committed 3712K, reserved 1048576K
}
Event: 15.168 GC heap after
{Heap after GC invocations=14 (full 0):
 garbage-first heap   total 180224K, used 72008K [0x0000000702600000, 0x0000000800000000)
  region size 2048K, 5 young (10240K), 5 survivors (10240K)
 Metaspace       used 31231K, committed 31616K, reserved 1114112K
  class space    used 3532K, committed 3712K, reserved 1048576K
}
Event: 16.315 GC heap before
{Heap before GC invocations=14 (full 0):
 garbage-first heap   total 180224K, used 125256K [0x0000000702600000, 0x0000000800000000)
  region size 2048K, 31 young (63488K), 5 survivors (10240K)
 Metaspace       used 32139K, committed 32448K, reserved 1114112K
  class space    used 3637K, committed 3776K, reserved 1048576K
}
Event: 16.334 GC heap after
{Heap after GC invocations=15 (full 0):
 garbage-first heap   total 180224K, used 85266K [0x0000000702600000, 0x0000000800000000)
  region size 2048K, 4 young (8192K), 4 survivors (8192K)
 Metaspace       used 32139K, committed 32448K, reserved 1114112K
  class space    used 3637K, committed 3776K, reserved 1048576K
}
Event: 17.259 GC heap before
{Heap before GC invocations=15 (full 0):
 garbage-first heap   total 180224K, used 126226K [0x0000000702600000, 0x0000000800000000)
  region size 2048K, 25 young (51200K), 4 survivors (8192K)
 Metaspace       used 32826K, committed 33152K, reserved 1114112K
  class space    used 3697K, committed 3840K, reserved 1048576K
}
Event: 17.267 GC heap after
{Heap after GC invocations=16 (full 0):
 garbage-first heap   total 180224K, used 83926K [0x0000000702600000, 0x0000000800000000)
  region size 2048K, 1 young (2048K), 1 survivors (2048K)
 Metaspace       used 32826K, committed 33152K, reserved 1114112K
  class space    used 3697K, committed 3840K, reserved 1048576K
}

Deoptimization events (20 events):
Event: 17.687 Thread 0x00000276d6a3bf80 Uncommon trap: trap_request=0xffffffde fr.pc=0x00000276e8046a24 relative=0x0000000000000084
Event: 17.687 Thread 0x00000276d6a3bf80 Uncommon trap: reason=class_check action=maybe_recompile pc=0x00000276e8046a24 method=com.google.inject.internal.MoreTypes.getRawType(Ljava/lang/reflect/Type;)Ljava/lang/Class; @ 13 c2
Event: 17.687 Thread 0x00000276d6a3bf80 DEOPT PACKING pc=0x00000276e8046a24 sp=0x00000086738fd6a0
Event: 17.687 Thread 0x00000276d6a3bf80 DEOPT UNPACKING pc=0x00000276e7a123a3 sp=0x00000086738fd630 mode 2
Event: 17.688 Thread 0x00000276d6a3bf80 Uncommon trap: trap_request=0xffffffde fr.pc=0x00000276e8046a24 relative=0x0000000000000084
Event: 17.688 Thread 0x00000276d6a3bf80 Uncommon trap: reason=class_check action=maybe_recompile pc=0x00000276e8046a24 method=com.google.inject.internal.MoreTypes.getRawType(Ljava/lang/reflect/Type;)Ljava/lang/Class; @ 13 c2
Event: 17.688 Thread 0x00000276d6a3bf80 DEOPT PACKING pc=0x00000276e8046a24 sp=0x00000086738fd6a0
Event: 17.688 Thread 0x00000276d6a3bf80 DEOPT UNPACKING pc=0x00000276e7a123a3 sp=0x00000086738fd630 mode 2
Event: 17.700 Thread 0x00000276d6a3bf80 Uncommon trap: trap_request=0xffffff76 fr.pc=0x00000276e8056100 relative=0x0000000000001fa0
Event: 17.700 Thread 0x00000276d6a3bf80 Uncommon trap: reason=predicate action=maybe_recompile pc=0x00000276e8056100 method=java.util.TimSort.binarySort([Ljava/lang/Object;IIILjava/util/Comparator;)V @ 34 c2
Event: 17.701 Thread 0x00000276d6a3bf80 DEOPT PACKING pc=0x00000276e8056100 sp=0x00000086738fd660
Event: 17.701 Thread 0x00000276d6a3bf80 DEOPT UNPACKING pc=0x00000276e7a123a3 sp=0x00000086738fd640 mode 2
Event: 17.879 Thread 0x00000276d6a3bf80 Uncommon trap: trap_request=0xffffff45 fr.pc=0x00000276e820017c relative=0x00000000000021fc
Event: 17.879 Thread 0x00000276d6a3bf80 Uncommon trap: reason=unstable_if action=reinterpret pc=0x00000276e820017c method=jdk.internal.org.objectweb.asm.Frame.execute(IILjdk/internal/org/objectweb/asm/Symbol;Ljdk/internal/org/objectweb/asm/SymbolTable;)V @ 1 c2
Event: 17.879 Thread 0x00000276d6a3bf80 DEOPT PACKING pc=0x00000276e820017c sp=0x00000086738fbb10
Event: 17.879 Thread 0x00000276d6a3bf80 DEOPT UNPACKING pc=0x00000276e7a123a3 sp=0x00000086738fbac8 mode 2
Event: 17.890 Thread 0x00000276d6a3bf80 Uncommon trap: trap_request=0xffffffde fr.pc=0x00000276e8134c0c relative=0x000000000000056c
Event: 17.890 Thread 0x00000276d6a3bf80 Uncommon trap: reason=class_check action=maybe_recompile pc=0x00000276e8134c0c method=java.util.Hashtable.get(Ljava/lang/Object;)Ljava/lang/Object; @ 6 c2
Event: 17.890 Thread 0x00000276d6a3bf80 DEOPT PACKING pc=0x00000276e8134c0c sp=0x00000086738fd6c0
Event: 17.890 Thread 0x00000276d6a3bf80 DEOPT UNPACKING pc=0x00000276e7a123a3 sp=0x00000086738fd670 mode 2

Classes unloaded (0 events):
No events

Classes redefined (0 events):
No events

Internal exceptions (20 events):
Event: 16.528 Thread 0x00000276d6a3bf80 Exception <a 'sun/nio/fs/WindowsException'{0x000000070cc820e0}> (0x000000070cc820e0) 
thrown [s\open\src\hotspot\share\prims\jni.cpp, line 516]
Event: 16.528 Thread 0x00000276d6a3bf80 Exception <a 'sun/nio/fs/WindowsException'{0x000000070cc83528}> (0x000000070cc83528) 
thrown [s\open\src\hotspot\share\prims\jni.cpp, line 516]
Event: 16.528 Thread 0x00000276d6a3bf80 Exception <a 'sun/nio/fs/WindowsException'{0x000000070cc83850}> (0x000000070cc83850) 
thrown [s\open\src\hotspot\share\prims\jni.cpp, line 516]
Event: 16.528 Thread 0x00000276d6a3bf80 Exception <a 'sun/nio/fs/WindowsException'{0x000000070cc8a678}> (0x000000070cc8a678) 
thrown [s\open\src\hotspot\share\prims\jni.cpp, line 516]
Event: 16.529 Thread 0x00000276d6a3bf80 Exception <a 'sun/nio/fs/WindowsException'{0x000000070cc8a948}> (0x000000070cc8a948) 
thrown [s\open\src\hotspot\share\prims\jni.cpp, line 516]
Event: 16.529 Thread 0x00000276d6a3bf80 Exception <a 'sun/nio/fs/WindowsException'{0x000000070cc98750}> (0x000000070cc98750) 
thrown [s\open\src\hotspot\share\prims\jni.cpp, line 516]
Event: 16.529 Thread 0x00000276d6a3bf80 Exception <a 'sun/nio/fs/WindowsException'{0x000000070cc98a70}> (0x000000070cc98a70) 
thrown [s\open\src\hotspot\share\prims\jni.cpp, line 516]
Event: 16.529 Thread 0x00000276d6a3bf80 Exception <a 'sun/nio/fs/WindowsException'{0x000000070cc99f78}> (0x000000070cc99f78) 
thrown [s\open\src\hotspot\share\prims\jni.cpp, line 516]
Event: 16.529 Thread 0x00000276d6a3bf80 Exception <a 'sun/nio/fs/WindowsException'{0x000000070cc9a360}> (0x000000070cc9a360) 
thrown [s\open\src\hotspot\share\prims\jni.cpp, line 516]
Event: 16.531 Thread 0x00000276d6a3bf80 Exception <a 'sun/nio/fs/WindowsException'{0x000000070ccade00}> (0x000000070ccade00) 
thrown [s\open\src\hotspot\share\prims\jni.cpp, line 516]
Event: 16.538 Thread 0x00000276d6a3bf80 Exception <a 'sun/nio/fs/WindowsException'{0x000000070ccc3b58}> (0x000000070ccc3b58) 
thrown [s\open\src\hotspot\share\prims\jni.cpp, line 516]
Event: 16.543 Thread 0x00000276d6a3bf80 Exception <a 'sun/nio/fs/WindowsException'{0x000000070cccc290}> (0x000000070cccc290) 
thrown [s\open\src\hotspot\share\prims\jni.cpp, line 516]
Event: 16.698 Thread 0x00000276d6a3bf80 Implicit null exception at 0x00000276e81ac8cb to 0x00000276e81ad774
Event: 17.617 Thread 0x00000276d6a3bf80 Exception <a 'java/lang/NoClassDefFoundError'{0x000000070c8d4ce8}: org/sonatype/aether/graph/Dependency> (0x000000070c8d4ce8) 
thrown [s\open\src\hotspot\share\classfile\systemDictionary.cpp, line 245]
Event: 17.879 Thread 0x00000276d6a3bf80 Exception <a 'java/lang/NoSuchMethodError'{0x000000070bc94320}: 'void java.lang.invoke.DirectMethodHandle$Holder.invokeStatic(java.lang.Object, long)'> (0x000000070bc94320) 
thrown [s\open\src\hotspot\share\interpreter\linkResolver.cpp, line 759]
Event: 17.880 Thread 0x00000276d6a3bf80 Exception <a 'java/lang/NoSuchMethodError'{0x000000070bc99878}: 'java.lang.Object java.lang.invoke.DirectMethodHandle$Holder.newInvokeSpecial(java.lang.Object, long)'> (0x000000070bc99878) 
thrown [s\open\src\hotspot\share\interpreter\linkResolver.cpp, line 759]
Event: 17.882 Thread 0x00000276d6a3bf80 Exception <a 'java/lang/NoSuchMethodError'{0x000000070bca09e0}: 'java.lang.Object java.lang.invoke.DirectMethodHandle$Holder.invokeStatic(java.lang.Object, java.lang.Object, long, java.lang.Object)'> (0x000000070bca09e0) 
thrown [s\open\src\hotspot\share\interpreter\linkResolver.cpp, line 759]
Event: 17.883 Thread 0x00000276d6a3bf80 Exception <a 'java/lang/NoSuchMethodError'{0x000000070bca41b8}: 'java.lang.Object java.lang.invoke.DirectMethodHandle$Holder.invokeStaticInit(java.lang.Object, java.lang.Object, long, java.lang.Object)'> (0x000000070bca41b8) 
thrown [s\open\src\hotspot\share\interpreter\linkResolver.cpp, line 759]
Event: 17.884 Thread 0x00000276d6a3bf80 Exception <a 'java/lang/NoSuchMethodError'{0x000000070bcaa800}: 'java.lang.Object java.lang.invoke.DirectMethodHandle$Holder.newInvokeSpecial(java.lang.Object, java.lang.Object, long)'> (0x000000070bcaa800) 
thrown [s\open\src\hotspot\share\interpreter\linkResolver.cpp, line 759]
Event: 17.884 Thread 0x00000276d6a3bf80 Exception <a 'java/lang/NoSuchMethodError'{0x000000070bcae370}: 'java.lang.Object java.lang.invoke.Invokers$Holder.linkToTargetMethod(java.lang.Object, long, java.lang.Object)'> (0x000000070bcae370) 
thrown [s\open\src\hotspot\share\interpreter\linkResolver.cpp, line 759]

VM Operations (20 events):
Event: 13.874 Executing VM operation: HandshakeAllThreads
Event: 13.874 Executing VM operation: HandshakeAllThreads done
Event: 13.894 Executing VM operation: ICBufferFull
Event: 13.894 Executing VM operation: ICBufferFull done
Event: 13.992 Executing VM operation: ICBufferFull
Event: 13.993 Executing VM operation: ICBufferFull done
Event: 14.211 Executing VM operation: ICBufferFull
Event: 14.211 Executing VM operation: ICBufferFull done
Event: 14.399 Executing VM operation: ICBufferFull
Event: 14.399 Executing VM operation: ICBufferFull done
Event: 15.146 Executing VM operation: G1CollectForAllocation
Event: 15.168 Executing VM operation: G1CollectForAllocation done
Event: 15.611 Executing VM operation: HandshakeAllThreads
Event: 15.611 Executing VM operation: HandshakeAllThreads done
Event: 16.315 Executing VM operation: G1CollectForAllocation
Event: 16.334 Executing VM operation: G1CollectForAllocation done
Event: 17.068 Executing VM operation: ICBufferFull
Event: 17.069 Executing VM operation: ICBufferFull done
Event: 17.259 Executing VM operation: G1CollectForAllocation
Event: 17.267 Executing VM operation: G1CollectForAllocation done

Events (20 events):
Event: 17.886 loading class java/util/concurrent/SynchronousQueue$Transferer done
Event: 17.886 loading class java/util/concurrent/SynchronousQueue$TransferStack done
Event: 17.886 loading class java/util/concurrent/SynchronousQueue$TransferStack$SNode
Event: 17.886 loading class java/util/concurrent/SynchronousQueue$TransferStack$SNode done
Event: 17.886 loading class java/lang/ProcessImpl$2
Event: 17.886 loading class java/lang/ProcessImpl$2 done
Event: 17.886 loading class java/lang/ProcessBuilder$NullOutputStream
Event: 17.887 loading class java/lang/ProcessBuilder$NullOutputStream done
Event: 17.887 loading class java/lang/ProcessBuilder$NullInputStream
Event: 17.887 loading class java/lang/ProcessBuilder$NullInputStream done
Event: 17.887 loading class jdk/internal/event/ProcessStartEvent
Event: 17.887 loading class jdk/internal/event/ProcessStartEvent done
Event: 17.888 loading class sun/misc/Signal
Event: 17.889 loading class sun/misc/Signal done
Event: 17.889 loading class sun/misc/SignalHandler
Event: 17.889 loading class sun/misc/SignalHandler done
Event: 17.890 loading class sun/misc/Signal$InternalMiscHandler
Event: 17.890 loading class sun/misc/Signal$InternalMiscHandler done
Event: 17.890 loading class sun/misc/Signal$SunMiscHandler
Event: 17.890 loading class sun/misc/Signal$SunMiscHandler done


Dynamic libraries:
0x00007ff63af20000 - 0x00007ff63af30000 	C:\Program Files\Java\jdk-17\bin\java.exe
0x00007ffdfefd0000 - 0x00007ffdff1e7000 	C:\WINDOWS\SYSTEM32\ntdll.dll
0x00007ffdfe540000 - 0x00007ffdfe604000 	C:\WINDOWS\System32\KERNEL32.DLL
0x00007ffdfc830000 - 0x00007ffdfcbdd000 	C:\WINDOWS\System32\KERNELBASE.dll
0x00007ffdfc390000 - 0x00007ffdfc4a1000 	C:\WINDOWS\System32\ucrtbase.dll
0x00007ffdc8e70000 - 0x00007ffdc8e8b000 	C:\Program Files\Java\jdk-17\bin\VCRUNTIME140.dll
0x00007ffdc8e50000 - 0x00007ffdc8e69000 	C:\Program Files\Java\jdk-17\bin\jli.dll
0x00007ffdfeb50000 - 0x00007ffdfec02000 	C:\WINDOWS\System32\ADVAPI32.dll
0x00007ffdfd870000 - 0x00007ffdfd917000 	C:\WINDOWS\System32\msvcrt.dll
0x00007ffdfea50000 - 0x00007ffdfeaf9000 	C:\WINDOWS\System32\sechost.dll
0x00007ffdfc800000 - 0x00007ffdfc828000 	C:\WINDOWS\System32\bcrypt.dll
0x00007ffdfe610000 - 0x00007ffdfe724000 	C:\WINDOWS\System32\RPCRT4.dll
0x00007ffdfede0000 - 0x00007ffdfef8e000 	C:\WINDOWS\System32\USER32.dll
0x00007ffdde1d0000 - 0x00007ffdde463000 	C:\WINDOWS\WinSxS\amd64_microsoft.windows.common-controls_6595b64144ccf1df_6.0.22621.3672_none_2713b9d173822955\COMCTL32.dll
0x00007ffdfc7d0000 - 0x00007ffdfc7f6000 	C:\WINDOWS\System32\win32u.dll
0x00007ffdfe7b0000 - 0x00007ffdfe7d9000 	C:\WINDOWS\System32\GDI32.dll
0x00007ffdfcbe0000 - 0x00007ffdfccf9000 	C:\WINDOWS\System32\gdi32full.dll
0x00007ffdfc2f0000 - 0x00007ffdfc38a000 	C:\WINDOWS\System32\msvcp_win.dll
0x00007ffdf65e0000 - 0x00007ffdf65ea000 	C:\WINDOWS\SYSTEM32\VERSION.dll
0x00007ffdfcd00000 - 0x00007ffdfcd31000 	C:\WINDOWS\System32\IMM32.DLL
0x00007ffdc8e40000 - 0x00007ffdc8e4c000 	C:\Program Files\Java\jdk-17\bin\vcruntime140_1.dll
0x00007ffdc8db0000 - 0x00007ffdc8e3e000 	C:\Program Files\Java\jdk-17\bin\msvcp140.dll
0x00007ffdc79a0000 - 0x00007ffdc8580000 	C:\Program Files\Java\jdk-17\bin\server\jvm.dll
0x00007ffdfec20000 - 0x00007ffdfec28000 	C:\WINDOWS\System32\PSAPI.DLL
0x00007ffdd5630000 - 0x00007ffdd5639000 	C:\WINDOWS\SYSTEM32\WSOCK32.dll
0x00007ffdf65f0000 - 0x00007ffdf6624000 	C:\WINDOWS\SYSTEM32\WINMM.dll
0x00007ffdfe730000 - 0x00007ffdfe7a1000 	C:\WINDOWS\System32\WS2_32.dll
0x00007ffdfb300000 - 0x00007ffdfb318000 	C:\WINDOWS\SYSTEM32\kernel.appcore.dll
0x00007ffdc8d20000 - 0x00007ffdc8d2a000 	C:\Program Files\Java\jdk-17\bin\jimage.dll
0x00007ffdf9aa0000 - 0x00007ffdf9cd2000 	C:\WINDOWS\SYSTEM32\DBGHELP.DLL
0x00007ffdfcd40000 - 0x00007ffdfd0ce000 	C:\WINDOWS\System32\combase.dll
0x00007ffdfd920000 - 0x00007ffdfd9f7000 	C:\WINDOWS\System32\OLEAUT32.dll
0x00007ffde05c0000 - 0x00007ffde05f2000 	C:\WINDOWS\SYSTEM32\dbgcore.DLL
0x00007ffdfc620000 - 0x00007ffdfc69b000 	C:\WINDOWS\System32\bcryptPrimitives.dll
0x00007ffdc4b60000 - 0x00007ffdc4b85000 	C:\Program Files\Java\jdk-17\bin\java.dll
0x00007ffdc45e0000 - 0x00007ffdc46b7000 	C:\Program Files\Java\jdk-17\bin\jsvml.dll
0x00007ffdfda00000 - 0x00007ffdfe267000 	C:\WINDOWS\System32\SHELL32.dll
0x00007ffdfa220000 - 0x00007ffdfab1f000 	C:\WINDOWS\SYSTEM32\windows.storage.dll
0x00007ffdfa0e0000 - 0x00007ffdfa21f000 	C:\WINDOWS\SYSTEM32\wintypes.dll
0x00007ffdfd550000 - 0x00007ffdfd649000 	C:\WINDOWS\System32\SHCORE.dll
0x00007ffdfed80000 - 0x00007ffdfedde000 	C:\WINDOWS\System32\shlwapi.dll
0x00007ffdfc220000 - 0x00007ffdfc247000 	C:\WINDOWS\SYSTEM32\profapi.dll
0x00007ffdcc340000 - 0x00007ffdcc359000 	C:\Program Files\Java\jdk-17\bin\net.dll
0x00007ffdf3150000 - 0x00007ffdf3286000 	C:\WINDOWS\SYSTEM32\WINHTTP.dll
0x00007ffdfb760000 - 0x00007ffdfb7c9000 	C:\WINDOWS\system32\mswsock.dll
0x00007ffdcc320000 - 0x00007ffdcc336000 	C:\Program Files\Java\jdk-17\bin\nio.dll
0x00007ffdcc300000 - 0x00007ffdcc318000 	C:\Program Files\Java\jdk-17\bin\zip.dll
0x00007ffd914f0000 - 0x00007ffd91514000 	C:\Program Files\Maven\apache-maven-3.9.9\lib\jansi-native\Windows\x86_64\jansi.dll
0x00007ffdce800000 - 0x00007ffdce810000 	C:\Program Files\Java\jdk-17\bin\verify.dll

dbghelp: loaded successfully - version: 4.0.5 - missing functions: none
symbol engine: initialized successfully - sym options: 0x614 - pdb path: .;C:\Program Files\Java\jdk-17\bin;C:\WINDOWS\SYSTEM32;C:\WINDOWS\WinSxS\amd64_microsoft.windows.common-controls_6595b64144ccf1df_6.0.22621.3672_none_2713b9d173822955;C:\Program Files\Java\jdk-17\bin\server;C:\Program Files\Maven\apache-maven-3.9.9\lib\jansi-native\Windows\x86_64

VM Arguments:
jvm_args: -Dclassworlds.conf=C:\Program Files\Maven\apache-maven-3.9.9\bin\m2.conf -Dmaven.home=C:\Program Files\Maven\apache-maven-3.9.9 -Dlibrary.jansi.path=C:\Program Files\Maven\apache-maven-3.9.9\lib\jansi-native -Dmaven.multiModuleProjectDirectory=C:\Users\alvin\Documents\DVEA\SpringBoot 
java_command: org.codehaus.plexus.classworlds.launcher.Launcher spring-boot:run
java_class_path (initial): C:\Program Files\Maven\apache-maven-3.9.9\boot\plexus-classworlds-2.8.0.jar
Launcher Type: SUN_STANDARD

[Global flags]
     intx CICompilerCount                          = 4                                         {product} {ergonomic}
     uint ConcGCThreads                            = 2                                         {product} {ergonomic}
     uint G1ConcRefinementThreads                  = 8                                         {product} {ergonomic}
   size_t G1HeapRegionSize                         = 2097152                                   {product} {ergonomic}
    uintx GCDrainStackTargetSize                   = 64                                        {product} {ergonomic}
   size_t InitialHeapSize                          = 266338304                                 {product} {ergonomic}
   size_t MarkStackSize                            = 4194304                                   {product} {ergonomic}
   size_t MaxHeapSize                              = 4255121408                                {product} {ergonomic}
   size_t MaxNewSize                               = 2552233984                                {product} {ergonomic}
   size_t MinHeapDeltaBytes                        = 2097152                                   {product} {ergonomic}
   size_t MinHeapSize                              = 8388608                                   {product} {ergonomic}
    uintx NonNMethodCodeHeapSize                   = 5839372                                {pd product} {ergonomic}
    uintx NonProfiledCodeHeapSize                  = 122909434                              {pd product} {ergonomic}
    uintx ProfiledCodeHeapSize                     = 122909434                              {pd product} {ergonomic}
    uintx ReservedCodeCacheSize                    = 251658240                              {pd product} {ergonomic}
     bool SegmentedCodeCache                       = true                                      {product} {ergonomic}
   size_t SoftMaxHeapSize                          = 4255121408                             {manageable} {ergonomic}
     bool UseCompressedClassPointers               = true                           {product lp64_product} {ergonomic}
     bool UseCompressedOops                        = true                           {product lp64_product} {ergonomic}
     bool UseG1GC                                  = true                                      {product} {ergonomic}
     bool UseLargePagesIndividualAllocation        = false                                  {pd product} {ergonomic}

Logging:
Log output configuration:
 #0: stdout all=warning uptime,level,tags
 #1: stderr all=off uptime,level,tags

Environment Variables:
JAVA_HOME=C:\Program Files\Java\jdk-17
PATH=C:\app\Administrator\product\18.0.0\dbhomeXE\bin;D:\App\db_home\bin;C:\WINDOWS\system32;C:\WINDOWS;C:\WINDOWS\System32\Wbem;C:\WINDOWS\System32\WindowsPowerShell\v1.0\;C:\WINDOWS\System32\OpenSSH\;C:\Program Files\Git\cmd;C:\Program Files\PuTTY\;C:\Program Files\nvm;C:\Program Files\nodejs;C:\Program Files\MongoDB\Server\6.0\bin;C:\Program Files\Dart\dart-sdk\bin;C:\Users\hp\AppData\Local\Pub\Cache\bin;C:\Program Files\k6\;C:\xampp\mysql\bin\;C:\Program Files (x86)\Bitvise SSH Client;C:\Program Files\Git LFS;C:\Program Files\Maven\apache-maven-3.9.9\bin;C:\Program Files\nvm\bin;C:\Program Files\Maven\apache-maven-3.9.9\bin;C:\Program Files\Go\bin;C:\Program Files\Heroku\bin;C:\Program Files\Heroku\bin;C:\Program Files\PostgreSQL\14\bin;C:\Program Files\PostgreSQL\14\bin;D:\Oracle\instantclient_12_2;C:\instantclient-basic\instantclient_12_1;C:\Program Files\Vim\vim91;C:\Program Files (x86)\Yarn\bin;C:\Users\alvin\AppData\Roaming\npm\;C:\Users\alvin\AppData\Local\Programs\Python\Python312\Scripts\;C:\Users\alvin\AppData\Local\Programs\Python\Python312\;C:\Program Files\Java\jdk-17\bin;C:\Program Files\Docker\Docker\resources\bin;C:\xampp\php;C:\composer;C:\Program Files\flutter\bin;C:\Program Files\flutter\bin;C:\Users\alvin\AppData\Local\Programs\Python\Python312\;C:\Users\alvin\AppData\Local\Microsoft\WindowsApps;C:\Users\alvin\AppData\Local\Programs\Microsoft VS Code\bin;C:\Program Files\nvm;C:\Program Files\nodejs;C:\Users\alvin\go\bin;C:\instantclient_12_2;C:\Program Files\heroku\bin;C:\instantclient-basic\instantclient_12_1;C:\Program Files\JetBrains\IntelliJ IDEA Community Edition 2024.2.0.2\bin;;C:\Users\alvin\AppData\Roaming\Composer\vendor\bin;
USERNAME=alvin
LANG=en_US.UTF-8
OS=Windows_NT
PROCESSOR_IDENTIFIER=Intel64 Family 6 Model 142 Stepping 10, GenuineIntel



---------------  S Y S T E M  ---------------

OS:
 Windows 11 , 64 bit Build 22621 (10.0.22621.3958)
OS uptime: 0 days 6:28 hours
Hyper-V role detected

CPU: total 8 (initial active 8) (4 cores per cpu, 2 threads per core) family 6 model 142 stepping 10 microcode 0xf4, cx8, cmov, fxsr, ht, mmx, 3dnowpref, sse, sse2, sse3, ssse3, sse4.1, sse4.2, popcnt, lzcnt, tsc, tscinvbit, avx, avx2, aes, erms, clmul, bmi1, bmi2, rtm, adx, fma, vzeroupper, clflush, clflushopt, hv

Memory: 4k page, system-wide physical 16227M (3297M free)
TotalPageFile size 21255M (AvailPageFile size 5M)
current process WorkingSet (physical memory assigned to process): 326M, peak: 352M
current process commit charge ("private bytes"): 377M, peak: 420M

vm_info: Java HotSpot(TM) 64-Bit Server VM (17.0.11+7-LTS-207) for windows-amd64 JRE (17.0.11+7-LTS-207), built on Mar 11 2024 19:01:50 by "mach5one" with MS VC++ 17.6 (VS2022)

END.
